<?xml version="1.0" encoding="UTF-8"?>
<!-- Generated by org.testng.reporters.JUnitXMLReporter -->
<testsuite ignored="13" hostname="LAPTOP-ABELARDO" failures="0" tests="9" name="Surefire test" time="45.365" errors="0" timestamp="2024-04-24T15:20:39 PET">
  <testcase classname="automation.BurgerMenuTests" name="aboutButtonTest" time="0.157"/>
  <testcase classname="automation.BurgerMenuTests" name="logoutTest" time="0.329"/>
  <testcase classname="automation.FooterTests" name="socialMediaLinksTest" time="0.228"/>
  <testcase classname="automation.ItemDetailTests" name="backToProductsTest" time="0.238"/>
  <testcase classname="automation.ItemDetailTests" name="itemDetailTest" time="0.21"/>
  <testcase classname="automation.LoginTests" name="invalidLoginTest" time="0.597"/>
  <testcase classname="automation.LoginTests" name="validLoginTest" time="0.469"/>
  <testcase classname="automation.LoginTests" name="verifyLoginPageTest" time="0.14"/>
  <testcase classname="automation.ShoppingTests" name="verifyPageTest" time="0.131"/>
  <testcase classname="automation.SauceDemoTests" name="returnSessionTest" time="0.0">
    <ignored/>
  </testcase> <!-- returnSessionTest -->
  <testcase classname="automation.SauceDemoTests" name="validUserTest" time="0.0">
    <ignored/>
  </testcase> <!-- validUserTest -->
  <testcase classname="automation.SauceDemoTests" name="cookie2Test" time="0.0">
    <ignored/>
  </testcase> <!-- cookie2Test -->
  <testcase classname="automation.SauceDemoTests" name="invalidUserTest" time="0.0">
    <ignored/>
  </testcase> <!-- invalidUserTest -->
  <testcase classname="automation.SauceDemoTests" name="linkLinkedinTest" time="0.0">
    <ignored/>
  </testcase> <!-- linkLinkedinTest -->
  <testcase classname="automation.SauceDemoTests" name="selectPriceTest" time="0.0">
    <ignored/>
  </testcase> <!-- selectPriceTest -->
  <testcase classname="automation.SauceDemoTests" name="linkAboutTest" time="0.0">
    <ignored/>
  </testcase> <!-- linkAboutTest -->
  <testcase classname="automation.SauceDemoTests" name="linkFacebookTest" time="0.0">
    <ignored/>
  </testcase> <!-- linkFacebookTest -->
  <testcase classname="automation.SauceDemoTests" name="detailsProductoTest" time="0.0">
    <ignored/>
  </testcase> <!-- detailsProductoTest -->
  <testcase classname="automation.SauceDemoTests" name="SelectNameTest" time="0.0">
    <ignored/>
  </testcase> <!-- SelectNameTest -->
  <testcase classname="automation.SauceDemoTests" name="relativeLocators2Test" time="0.0">
    <ignored/>
  </testcase> <!-- relativeLocators2Test -->
  <testcase classname="automation.SauceDemoTests" name="relativeLocators1Test" time="0.0">
    <ignored/>
  </testcase> <!-- relativeLocators1Test -->
  <testcase classname="automation.SauceDemoTests" name="cookie1Test" time="0.0">
    <ignored/>
  </testcase> <!-- cookie1Test -->
</testsuite> <!-- Surefire test -->
