<?xml version="1.0" encoding="UTF-8"?>
<testsuite xmlns:xsi="http://www.w3.org/2001/XMLSchema-instance" xsi:noNamespaceSchemaLocation="https://maven.apache.org/surefire/maven-surefire-plugin/xsd/surefire-test-report-3.0.xsd" version="3.0" name="TestSuite" time="58.144" tests="9" errors="0" skipped="0" failures="0">
  <properties>
[...]
</properties>
  <testcase name="aboutButtonTest" classname="automation.BurgerMenuTests" time="0.236">
    <system-err><![CDATA[abr. 24, 2024 8:43:58 A. M. org.openqa.selenium.manager.SeleniumManager lambda$runCommand$1
ADVERTENCIA: The chromedriver version (123.0.6312.105) detected in PATH at C:\chromedriver\chromedriver.exe might not be compatible with the detected chrome version (124.0.6367.78); currently, chromedriver 124.0.6367.78 is recommended for chrome 124.*, so it is advised to delete the driver in PATH and retry
abr. 24, 2024 8:44:01 A. M. org.openqa.selenium.devtools.CdpVersionFinder findNearestMatch
ADVERTENCIA: Unable to find an exact match for CDP version 124, returning the closest version; found: 123; Please update to a Selenium version that supports CDP version 124
]]></system-err>
  </testcase>
  <testcase name="logoutTest" classname="automation.BurgerMenuTests" time="0.217">
    <system-err><![CDATA[abr. 24, 2024 8:44:06 A. M. org.openqa.selenium.manager.SeleniumManager lambda$runCommand$1
ADVERTENCIA: The chromedriver version (123.0.6312.105) detected in PATH at C:\chromedriver\chromedriver.exe might not be compatible with the detected chrome version (124.0.6367.78); currently, chromedriver 124.0.6367.78 is recommended for chrome 124.*, so it is advised to delete the driver in PATH and retry
abr. 24, 2024 8:44:08 A. M. org.openqa.selenium.devtools.CdpVersionFinder findNearestMatch
ADVERTENCIA: Unable to find an exact match for CDP version 124, returning the closest version; found: 123; Please update to a Selenium version that supports CDP version 124
]]></system-err>
  </testcase>
  <testcase name="socialMediaLinksTest" classname="automation.FooterTests" time="0.227">
    <system-err><![CDATA[abr. 24, 2024 8:44:13 A. M. org.openqa.selenium.manager.SeleniumManager lambda$runCommand$1
ADVERTENCIA: The chromedriver version (123.0.6312.105) detected in PATH at C:\chromedriver\chromedriver.exe might not be compatible with the detected chrome version (124.0.6367.78); currently, chromedriver 124.0.6367.78 is recommended for chrome 124.*, so it is advised to delete the driver in PATH and retry
abr. 24, 2024 8:44:14 A. M. org.openqa.selenium.devtools.CdpVersionFinder findNearestMatch
ADVERTENCIA: Unable to find an exact match for CDP version 124, returning the closest version; found: 123; Please update to a Selenium version that supports CDP version 124
]]></system-err>
  </testcase>
  <testcase name="backToProductsTest" classname="automation.ItemDetailTests" time="0.236">
    <system-err><![CDATA[abr. 24, 2024 8:44:18 A. M. org.openqa.selenium.manager.SeleniumManager lambda$runCommand$1
ADVERTENCIA: The chromedriver version (123.0.6312.105) detected in PATH at C:\chromedriver\chromedriver.exe might not be compatible with the detected chrome version (124.0.6367.78); currently, chromedriver 124.0.6367.78 is recommended for chrome 124.*, so it is advised to delete the driver in PATH and retry
abr. 24, 2024 8:44:19 A. M. org.openqa.selenium.devtools.CdpVersionFinder findNearestMatch
ADVERTENCIA: Unable to find an exact match for CDP version 124, returning the closest version; found: 123; Please update to a Selenium version that supports CDP version 124
]]></system-err>
  </testcase>
  <testcase name="itemDetailTest" classname="automation.ItemDetailTests" time="0.26">
    <system-err><![CDATA[abr. 24, 2024 8:44:24 A. M. org.openqa.selenium.manager.SeleniumManager lambda$runCommand$1
ADVERTENCIA: The chromedriver version (123.0.6312.105) detected in PATH at C:\chromedriver\chromedriver.exe might not be compatible with the detected chrome version (124.0.6367.78); currently, chromedriver 124.0.6367.78 is recommended for chrome 124.*, so it is advised to delete the driver in PATH and retry
abr. 24, 2024 8:44:25 A. M. org.openqa.selenium.devtools.CdpVersionFinder findNearestMatch
ADVERTENCIA: Unable to find an exact match for CDP version 124, returning the closest version; found: 123; Please update to a Selenium version that supports CDP version 124
]]></system-err>
  </testcase>
  <testcase name="invalidLoginTest" classname="automation.LoginTests" time="0.514">
    <system-err><![CDATA[abr. 24, 2024 8:44:29 A. M. org.openqa.selenium.manager.SeleniumManager lambda$runCommand$1
ADVERTENCIA: The chromedriver version (123.0.6312.105) detected in PATH at C:\chromedriver\chromedriver.exe might not be compatible with the detected chrome version (124.0.6367.78); currently, chromedriver 124.0.6367.78 is recommended for chrome 124.*, so it is advised to delete the driver in PATH and retry
abr. 24, 2024 8:44:30 A. M. org.openqa.selenium.devtools.CdpVersionFinder findNearestMatch
ADVERTENCIA: Unable to find an exact match for CDP version 124, returning the closest version; found: 123; Please update to a Selenium version that supports CDP version 124
]]></system-err>
  </testcase>
  <testcase name="validLoginTest" classname="automation.LoginTests" time="0.469">
    <system-err><![CDATA[abr. 24, 2024 8:44:34 A. M. org.openqa.selenium.manager.SeleniumManager lambda$runCommand$1
ADVERTENCIA: The chromedriver version (123.0.6312.105) detected in PATH at C:\chromedriver\chromedriver.exe might not be compatible with the detected chrome version (124.0.6367.78); currently, chromedriver 124.0.6367.78 is recommended for chrome 124.*, so it is advised to delete the driver in PATH and retry
abr. 24, 2024 8:44:36 A. M. org.openqa.selenium.devtools.CdpVersionFinder findNearestMatch
ADVERTENCIA: Unable to find an exact match for CDP version 124, returning the closest version; found: 123; Please update to a Selenium version that supports CDP version 124
]]></system-err>
  </testcase>
  <testcase name="verifyLoginPageTest" classname="automation.LoginTests" time="0.176">
    <system-err><![CDATA[abr. 24, 2024 8:44:40 A. M. org.openqa.selenium.manager.SeleniumManager lambda$runCommand$1
ADVERTENCIA: The chromedriver version (123.0.6312.105) detected in PATH at C:\chromedriver\chromedriver.exe might not be compatible with the detected chrome version (124.0.6367.78); currently, chromedriver 124.0.6367.78 is recommended for chrome 124.*, so it is advised to delete the driver in PATH and retry
abr. 24, 2024 8:44:41 A. M. org.openqa.selenium.devtools.CdpVersionFinder findNearestMatch
ADVERTENCIA: Unable to find an exact match for CDP version 124, returning the closest version; found: 123; Please update to a Selenium version that supports CDP version 124
]]></system-err>
  </testcase>
  <testcase name="verifyPageTest" classname="automation.ShoppingTests" time="0.116">
    <system-err><![CDATA[abr. 24, 2024 8:44:44 A. M. org.openqa.selenium.manager.SeleniumManager lambda$runCommand$1
ADVERTENCIA: The chromedriver version (123.0.6312.105) detected in PATH at C:\chromedriver\chromedriver.exe might not be compatible with the detected chrome version (124.0.6367.78); currently, chromedriver 124.0.6367.78 is recommended for chrome 124.*, so it is advised to delete the driver in PATH and retry
abr. 24, 2024 8:44:46 A. M. org.openqa.selenium.devtools.CdpVersionFinder findNearestMatch
ADVERTENCIA: Unable to find an exact match for CDP version 124, returning the closest version; found: 123; Please update to a Selenium version that supports CDP version 124
]]></system-err>
  </testcase>
</testsuite>