<?xml version="1.0" encoding="UTF-8"?>
<testng-results ignored="0" total="9" passed="9" failed="0" skipped="0">
  <reporter-output>
  </reporter-output>
  <suite started-at="2024-04-24T08:43:56 PET" name="Surefire suite" finished-at="2024-04-24T08:44:51 PET" duration-ms="54594">
    <groups>
      <group name="regression">
        <method signature="BurgerMenuTests.aboutButtonTest()[pri:0, instance:automation.BurgerMenuTests@39651a82]" name="aboutButtonTest" class="automation.BurgerMenuTests"/>
        <method signature="BurgerMenuTests.logoutTest()[pri:0, instance:automation.BurgerMenuTests@39651a82]" name="logoutTest" class="automation.BurgerMenuTests"/>
        <method signature="FooterTests.socialMediaLinksTest()[pri:0, instance:automation.FooterTests@7159a5cd]" name="socialMediaLinksTest" class="automation.FooterTests"/>
        <method signature="ItemDetailTests.backToProductsTest()[pri:0, instance:automation.ItemDetailTests@5918c260]" name="backToProductsTest" class="automation.ItemDetailTests"/>
        <method signature="ItemDetailTests.itemDetailTest()[pri:0, instance:automation.ItemDetailTests@5918c260]" name="itemDetailTest" class="automation.ItemDetailTests"/>
        <method signature="LoginTests.invalidLoginTest()[pri:0, instance:automation.LoginTests@3d7b1f1c]" name="invalidLoginTest" class="automation.LoginTests"/>
        <method signature="LoginTests.validLoginTest()[pri:0, instance:automation.LoginTests@3d7b1f1c]" name="validLoginTest" class="automation.LoginTests"/>
        <method signature="LoginTests.verifyLoginPageTest()[pri:0, instance:automation.LoginTests@3d7b1f1c]" name="verifyLoginPageTest" class="automation.LoginTests"/>
        <method signature="ShoppingTests.verifyPageTest()[pri:0, instance:automation.ShoppingTests@1f44ddab]" name="verifyPageTest" class="automation.ShoppingTests"/>
      </group> <!-- regression -->
    </groups>
    <test started-at="2024-04-24T08:43:56 PET" name="Surefire test" finished-at="2024-04-24T08:44:51 PET" duration-ms="54594">
      <class name="automation.BurgerMenuTests">
        <test-method is-config="true" signature="masterSetUp()[pri:0, instance:automation.BurgerMenuTests@39651a82]" started-at="2024-04-24T08:43:57 PET" name="masterSetUp" finished-at="2024-04-24T08:44:01 PET" duration-ms="4682" status="PASS">
          <reporter-output>
          </reporter-output>
        </test-method> <!-- masterSetUp -->
        <test-method is-config="true" signature="setUp()[pri:0, instance:automation.BurgerMenuTests@39651a82]" started-at="2024-04-24T08:44:02 PET" name="setUp" finished-at="2024-04-24T08:44:05 PET" duration-ms="3192" status="PASS">
          <reporter-output>
          </reporter-output>
        </test-method> <!-- setUp -->
        <test-method signature="aboutButtonTest()[pri:0, instance:automation.BurgerMenuTests@39651a82]" started-at="2024-04-24T08:44:05 PET" name="aboutButtonTest" finished-at="2024-04-24T08:44:05 PET" duration-ms="233" status="PASS">
          <reporter-output>
          </reporter-output>
        </test-method> <!-- aboutButtonTest -->
        <test-method is-config="true" signature="masterTearDown()[pri:0, instance:automation.BurgerMenuTests@39651a82]" started-at="2024-04-24T08:44:05 PET" name="masterTearDown" finished-at="2024-04-24T08:44:06 PET" duration-ms="646" status="PASS">
          <reporter-output>
          </reporter-output>
        </test-method> <!-- masterTearDown -->
        <test-method is-config="true" signature="masterSetUp()[pri:0, instance:automation.BurgerMenuTests@39651a82]" started-at="2024-04-24T08:44:06 PET" name="masterSetUp" finished-at="2024-04-24T08:44:08 PET" duration-ms="2075" status="PASS">
          <reporter-output>
          </reporter-output>
        </test-method> <!-- masterSetUp -->
        <test-method is-config="true" signature="setUp()[pri:0, instance:automation.BurgerMenuTests@39651a82]" started-at="2024-04-24T08:44:08 PET" name="setUp" finished-at="2024-04-24T08:44:11 PET" duration-ms="3708" status="PASS">
          <reporter-output>
          </reporter-output>
        </test-method> <!-- setUp -->
        <test-method signature="logoutTest()[pri:0, instance:automation.BurgerMenuTests@39651a82]" started-at="2024-04-24T08:44:11 PET" name="logoutTest" finished-at="2024-04-24T08:44:12 PET" duration-ms="212" status="PASS">
          <reporter-output>
          </reporter-output>
        </test-method> <!-- logoutTest -->
        <test-method is-config="true" signature="masterTearDown()[pri:0, instance:automation.BurgerMenuTests@39651a82]" started-at="2024-04-24T08:44:12 PET" name="masterTearDown" finished-at="2024-04-24T08:44:12 PET" duration-ms="255" status="PASS">
          <reporter-output>
          </reporter-output>
        </test-method> <!-- masterTearDown -->
      </class> <!-- automation.BurgerMenuTests -->
      <class name="automation.ItemDetailTests">
        <test-method is-config="true" signature="masterSetUp()[pri:0, instance:automation.ItemDetailTests@5918c260]" started-at="2024-04-24T08:44:18 PET" name="masterSetUp" finished-at="2024-04-24T08:44:19 PET" duration-ms="1862" status="PASS">
          <reporter-output>
          </reporter-output>
        </test-method> <!-- masterSetUp -->
        <test-method is-config="true" signature="setUp()[pri:0, instance:automation.ItemDetailTests@5918c260]" started-at="2024-04-24T08:44:19 PET" name="setUp" finished-at="2024-04-24T08:44:23 PET" duration-ms="3061" status="PASS">
          <reporter-output>
          </reporter-output>
        </test-method> <!-- setUp -->
        <test-method signature="backToProductsTest()[pri:0, instance:automation.ItemDetailTests@5918c260]" started-at="2024-04-24T08:44:23 PET" name="backToProductsTest" finished-at="2024-04-24T08:44:23 PET" duration-ms="233" status="PASS">
          <reporter-output>
          </reporter-output>
        </test-method> <!-- backToProductsTest -->
        <test-method is-config="true" signature="masterTearDown()[pri:0, instance:automation.ItemDetailTests@5918c260]" started-at="2024-04-24T08:44:23 PET" name="masterTearDown" finished-at="2024-04-24T08:44:23 PET" duration-ms="241" status="PASS">
          <reporter-output>
          </reporter-output>
        </test-method> <!-- masterTearDown -->
        <test-method is-config="true" signature="masterSetUp()[pri:0, instance:automation.ItemDetailTests@5918c260]" started-at="2024-04-24T08:44:23 PET" name="masterSetUp" finished-at="2024-04-24T08:44:25 PET" duration-ms="1862" status="PASS">
          <reporter-output>
          </reporter-output>
        </test-method> <!-- masterSetUp -->
        <test-method is-config="true" signature="setUp()[pri:0, instance:automation.ItemDetailTests@5918c260]" started-at="2024-04-24T08:44:25 PET" name="setUp" finished-at="2024-04-24T08:44:28 PET" duration-ms="3185" status="PASS">
          <reporter-output>
          </reporter-output>
        </test-method> <!-- setUp -->
        <test-method signature="itemDetailTest()[pri:0, instance:automation.ItemDetailTests@5918c260]" started-at="2024-04-24T08:44:28 PET" name="itemDetailTest" finished-at="2024-04-24T08:44:28 PET" duration-ms="258" status="PASS">
          <reporter-output>
          </reporter-output>
        </test-method> <!-- itemDetailTest -->
        <test-method is-config="true" signature="masterTearDown()[pri:0, instance:automation.ItemDetailTests@5918c260]" started-at="2024-04-24T08:44:28 PET" name="masterTearDown" finished-at="2024-04-24T08:44:29 PET" duration-ms="284" status="PASS">
          <reporter-output>
          </reporter-output>
        </test-method> <!-- masterTearDown -->
      </class> <!-- automation.ItemDetailTests -->
      <class name="automation.ShoppingTests">
        <test-method is-config="true" signature="masterSetUp()[pri:0, instance:automation.ShoppingTests@1f44ddab]" started-at="2024-04-24T08:44:44 PET" name="masterSetUp" finished-at="2024-04-24T08:44:47 PET" duration-ms="3536" status="PASS">
          <reporter-output>
          </reporter-output>
        </test-method> <!-- masterSetUp -->
        <test-method is-config="true" signature="setUp()[pri:0, instance:automation.ShoppingTests@1f44ddab]" started-at="2024-04-24T08:44:47 PET" name="setUp" finished-at="2024-04-24T08:44:51 PET" duration-ms="3159" status="PASS">
          <reporter-output>
          </reporter-output>
        </test-method> <!-- setUp -->
        <test-method signature="verifyPageTest()[pri:0, instance:automation.ShoppingTests@1f44ddab]" started-at="2024-04-24T08:44:51 PET" name="verifyPageTest" finished-at="2024-04-24T08:44:51 PET" duration-ms="115" status="PASS">
          <reporter-output>
          </reporter-output>
        </test-method> <!-- verifyPageTest -->
        <test-method is-config="true" signature="masterTearDown()[pri:0, instance:automation.ShoppingTests@1f44ddab]" started-at="2024-04-24T08:44:51 PET" name="masterTearDown" finished-at="2024-04-24T08:44:51 PET" duration-ms="365" status="PASS">
          <reporter-output>
          </reporter-output>
        </test-method> <!-- masterTearDown -->
      </class> <!-- automation.ShoppingTests -->
      <class name="automation.LoginTests">
        <test-method is-config="true" signature="masterSetUp()[pri:0, instance:automation.LoginTests@3d7b1f1c]" started-at="2024-04-24T08:44:29 PET" name="masterSetUp" finished-at="2024-04-24T08:44:30 PET" duration-ms="1814" status="PASS">
          <reporter-output>
          </reporter-output>
        </test-method> <!-- masterSetUp -->
        <test-method is-config="true" signature="setUp()[pri:0, instance:automation.LoginTests@3d7b1f1c]" started-at="2024-04-24T08:44:30 PET" name="setUp" finished-at="2024-04-24T08:44:33 PET" duration-ms="2547" status="PASS">
          <reporter-output>
          </reporter-output>
        </test-method> <!-- setUp -->
        <test-method signature="invalidLoginTest()[pri:0, instance:automation.LoginTests@3d7b1f1c]" started-at="2024-04-24T08:44:33 PET" name="invalidLoginTest" finished-at="2024-04-24T08:44:34 PET" duration-ms="513" status="PASS">
          <reporter-output>
          </reporter-output>
        </test-method> <!-- invalidLoginTest -->
        <test-method is-config="true" signature="masterTearDown()[pri:0, instance:automation.LoginTests@3d7b1f1c]" started-at="2024-04-24T08:44:34 PET" name="masterTearDown" finished-at="2024-04-24T08:44:34 PET" duration-ms="239" status="PASS">
          <reporter-output>
          </reporter-output>
        </test-method> <!-- masterTearDown -->
        <test-method is-config="true" signature="masterSetUp()[pri:0, instance:automation.LoginTests@3d7b1f1c]" started-at="2024-04-24T08:44:34 PET" name="masterSetUp" finished-at="2024-04-24T08:44:36 PET" duration-ms="1928" status="PASS">
          <reporter-output>
          </reporter-output>
        </test-method> <!-- masterSetUp -->
        <test-method is-config="true" signature="setUp()[pri:0, instance:automation.LoginTests@3d7b1f1c]" started-at="2024-04-24T08:44:36 PET" name="setUp" finished-at="2024-04-24T08:44:38 PET" duration-ms="2505" status="PASS">
          <reporter-output>
          </reporter-output>
        </test-method> <!-- setUp -->
        <test-method signature="validLoginTest()[pri:0, instance:automation.LoginTests@3d7b1f1c]" started-at="2024-04-24T08:44:38 PET" name="validLoginTest" finished-at="2024-04-24T08:44:39 PET" duration-ms="469" status="PASS">
          <reporter-output>
          </reporter-output>
        </test-method> <!-- validLoginTest -->
        <test-method is-config="true" signature="masterTearDown()[pri:0, instance:automation.LoginTests@3d7b1f1c]" started-at="2024-04-24T08:44:39 PET" name="masterTearDown" finished-at="2024-04-24T08:44:39 PET" duration-ms="203" status="PASS">
          <reporter-output>
          </reporter-output>
        </test-method> <!-- masterTearDown -->
        <test-method is-config="true" signature="masterSetUp()[pri:0, instance:automation.LoginTests@3d7b1f1c]" started-at="2024-04-24T08:44:39 PET" name="masterSetUp" finished-at="2024-04-24T08:44:41 PET" duration-ms="1846" status="PASS">
          <reporter-output>
          </reporter-output>
        </test-method> <!-- masterSetUp -->
        <test-method is-config="true" signature="setUp()[pri:0, instance:automation.LoginTests@3d7b1f1c]" started-at="2024-04-24T08:44:41 PET" name="setUp" finished-at="2024-04-24T08:44:43 PET" duration-ms="2583" status="PASS">
          <reporter-output>
          </reporter-output>
        </test-method> <!-- setUp -->
        <test-method signature="verifyLoginPageTest()[pri:0, instance:automation.LoginTests@3d7b1f1c]" started-at="2024-04-24T08:44:43 PET" name="verifyLoginPageTest" finished-at="2024-04-24T08:44:44 PET" duration-ms="175" status="PASS">
          <reporter-output>
          </reporter-output>
        </test-method> <!-- verifyLoginPageTest -->
        <test-method is-config="true" signature="masterTearDown()[pri:0, instance:automation.LoginTests@3d7b1f1c]" started-at="2024-04-24T08:44:44 PET" name="masterTearDown" finished-at="2024-04-24T08:44:44 PET" duration-ms="324" status="PASS">
          <reporter-output>
          </reporter-output>
        </test-method> <!-- masterTearDown -->
      </class> <!-- automation.LoginTests -->
      <class name="automation.FooterTests">
        <test-method is-config="true" signature="masterSetUp()[pri:0, instance:automation.FooterTests@7159a5cd]" started-at="2024-04-24T08:44:12 PET" name="masterSetUp" finished-at="2024-04-24T08:44:14 PET" duration-ms="2078" status="PASS">
          <reporter-output>
          </reporter-output>
        </test-method> <!-- masterSetUp -->
        <test-method is-config="true" signature="setUp()[pri:0, instance:automation.FooterTests@7159a5cd]" started-at="2024-04-24T08:44:14 PET" name="setUp" finished-at="2024-04-24T08:44:17 PET" duration-ms="3061" status="PASS">
          <reporter-output>
          </reporter-output>
        </test-method> <!-- setUp -->
        <test-method signature="socialMediaLinksTest()[pri:0, instance:automation.FooterTests@7159a5cd]" started-at="2024-04-24T08:44:17 PET" name="socialMediaLinksTest" finished-at="2024-04-24T08:44:17 PET" duration-ms="226" status="PASS">
          <reporter-output>
          </reporter-output>
        </test-method> <!-- socialMediaLinksTest -->
        <test-method is-config="true" signature="masterTearDown()[pri:0, instance:automation.FooterTests@7159a5cd]" started-at="2024-04-24T08:44:17 PET" name="masterTearDown" finished-at="2024-04-24T08:44:18 PET" duration-ms="266" status="PASS">
          <reporter-output>
          </reporter-output>
        </test-method> <!-- masterTearDown -->
      </class> <!-- automation.FooterTests -->
    </test> <!-- Surefire test -->
  </suite> <!-- Surefire suite -->
</testng-results>
