<?xml version="1.0" encoding="UTF-8"?>
<testng-results ignored="0" total="9" passed="9" failed="0" skipped="0">
  <reporter-output>
  </reporter-output>
  <suite started-at="2024-04-24T15:19:53 PET" name="Surefire suite" finished-at="2024-04-24T15:20:39 PET" duration-ms="45365">
    <groups>
      <group name="regression">
        <method signature="BurgerMenuTests.aboutButtonTest()[pri:0, instance:automation.BurgerMenuTests@6da9dc6]" name="aboutButtonTest" class="automation.BurgerMenuTests"/>
        <method signature="BurgerMenuTests.logoutTest()[pri:0, instance:automation.BurgerMenuTests@6da9dc6]" name="logoutTest" class="automation.BurgerMenuTests"/>
        <method signature="FooterTests.socialMediaLinksTest()[pri:0, instance:automation.FooterTests@76f856a8]" name="socialMediaLinksTest" class="automation.FooterTests"/>
        <method signature="ItemDetailTests.backToProductsTest()[pri:0, instance:automation.ItemDetailTests@4726927c]" name="backToProductsTest" class="automation.ItemDetailTests"/>
        <method signature="ItemDetailTests.itemDetailTest()[pri:0, instance:automation.ItemDetailTests@4726927c]" name="itemDetailTest" class="automation.ItemDetailTests"/>
        <method signature="LoginTests.invalidLoginTest()[pri:0, instance:automation.LoginTests@7eb6b6b6]" name="invalidLoginTest" class="automation.LoginTests"/>
        <method signature="LoginTests.validLoginTest()[pri:0, instance:automation.LoginTests@7eb6b6b6]" name="validLoginTest" class="automation.LoginTests"/>
        <method signature="LoginTests.verifyLoginPageTest()[pri:0, instance:automation.LoginTests@7eb6b6b6]" name="verifyLoginPageTest" class="automation.LoginTests"/>
        <method signature="ShoppingTests.verifyPageTest()[pri:0, instance:automation.ShoppingTests@28e19366]" name="verifyPageTest" class="automation.ShoppingTests"/>
      </group> <!-- regression -->
    </groups>
    <test started-at="2024-04-24T15:19:53 PET" name="Surefire test" finished-at="2024-04-24T15:20:39 PET" duration-ms="45365">
      <class name="automation.BurgerMenuTests">
        <test-method is-config="true" signature="masterSetUp()[pri:0, instance:automation.BurgerMenuTests@6da9dc6]" started-at="2024-04-24T15:19:53 PET" name="masterSetUp" finished-at="2024-04-24T15:19:56 PET" duration-ms="3091" status="PASS">
          <reporter-output>
          </reporter-output>
        </test-method> <!-- masterSetUp -->
        <test-method is-config="true" signature="setUp()[pri:0, instance:automation.BurgerMenuTests@6da9dc6]" started-at="2024-04-24T15:19:57 PET" name="setUp" finished-at="2024-04-24T15:20:00 PET" duration-ms="3224" status="PASS">
          <reporter-output>
          </reporter-output>
        </test-method> <!-- setUp -->
        <test-method signature="aboutButtonTest()[pri:0, instance:automation.BurgerMenuTests@6da9dc6]" started-at="2024-04-24T15:20:00 PET" name="aboutButtonTest" finished-at="2024-04-24T15:20:00 PET" duration-ms="157" status="PASS">
          <reporter-output>
          </reporter-output>
        </test-method> <!-- aboutButtonTest -->
        <test-method is-config="true" signature="masterTearDown()[pri:0, instance:automation.BurgerMenuTests@6da9dc6]" started-at="2024-04-24T15:20:00 PET" name="masterTearDown" finished-at="2024-04-24T15:20:00 PET" duration-ms="254" status="PASS">
          <reporter-output>
          </reporter-output>
        </test-method> <!-- masterTearDown -->
        <test-method is-config="true" signature="masterSetUp()[pri:0, instance:automation.BurgerMenuTests@6da9dc6]" started-at="2024-04-24T15:20:00 PET" name="masterSetUp" finished-at="2024-04-24T15:20:02 PET" duration-ms="1601" status="PASS">
          <reporter-output>
          </reporter-output>
        </test-method> <!-- masterSetUp -->
        <test-method is-config="true" signature="setUp()[pri:0, instance:automation.BurgerMenuTests@6da9dc6]" started-at="2024-04-24T15:20:02 PET" name="setUp" finished-at="2024-04-24T15:20:05 PET" duration-ms="3033" status="PASS">
          <reporter-output>
          </reporter-output>
        </test-method> <!-- setUp -->
        <test-method signature="logoutTest()[pri:0, instance:automation.BurgerMenuTests@6da9dc6]" started-at="2024-04-24T15:20:05 PET" name="logoutTest" finished-at="2024-04-24T15:20:05 PET" duration-ms="329" status="PASS">
          <reporter-output>
          </reporter-output>
        </test-method> <!-- logoutTest -->
        <test-method is-config="true" signature="masterTearDown()[pri:0, instance:automation.BurgerMenuTests@6da9dc6]" started-at="2024-04-24T15:20:05 PET" name="masterTearDown" finished-at="2024-04-24T15:20:05 PET" duration-ms="236" status="PASS">
          <reporter-output>
          </reporter-output>
        </test-method> <!-- masterTearDown -->
      </class> <!-- automation.BurgerMenuTests -->
      <class name="automation.ItemDetailTests">
        <test-method is-config="true" signature="masterSetUp()[pri:0, instance:automation.ItemDetailTests@4726927c]" started-at="2024-04-24T15:20:11 PET" name="masterSetUp" finished-at="2024-04-24T15:20:13 PET" duration-ms="1434" status="PASS">
          <reporter-output>
          </reporter-output>
        </test-method> <!-- masterSetUp -->
        <test-method is-config="true" signature="setUp()[pri:0, instance:automation.ItemDetailTests@4726927c]" started-at="2024-04-24T15:20:13 PET" name="setUp" finished-at="2024-04-24T15:20:15 PET" duration-ms="2948" status="PASS">
          <reporter-output>
          </reporter-output>
        </test-method> <!-- setUp -->
        <test-method signature="backToProductsTest()[pri:0, instance:automation.ItemDetailTests@4726927c]" started-at="2024-04-24T15:20:15 PET" name="backToProductsTest" finished-at="2024-04-24T15:20:16 PET" duration-ms="238" status="PASS">
          <reporter-output>
          </reporter-output>
        </test-method> <!-- backToProductsTest -->
        <test-method is-config="true" signature="masterTearDown()[pri:0, instance:automation.ItemDetailTests@4726927c]" started-at="2024-04-24T15:20:16 PET" name="masterTearDown" finished-at="2024-04-24T15:20:16 PET" duration-ms="282" status="PASS">
          <reporter-output>
          </reporter-output>
        </test-method> <!-- masterTearDown -->
        <test-method is-config="true" signature="masterSetUp()[pri:0, instance:automation.ItemDetailTests@4726927c]" started-at="2024-04-24T15:20:16 PET" name="masterSetUp" finished-at="2024-04-24T15:20:17 PET" duration-ms="1416" status="PASS">
          <reporter-output>
          </reporter-output>
        </test-method> <!-- masterSetUp -->
        <test-method is-config="true" signature="setUp()[pri:0, instance:automation.ItemDetailTests@4726927c]" started-at="2024-04-24T15:20:17 PET" name="setUp" finished-at="2024-04-24T15:20:20 PET" duration-ms="2971" status="PASS">
          <reporter-output>
          </reporter-output>
        </test-method> <!-- setUp -->
        <test-method signature="itemDetailTest()[pri:0, instance:automation.ItemDetailTests@4726927c]" started-at="2024-04-24T15:20:20 PET" name="itemDetailTest" finished-at="2024-04-24T15:20:21 PET" duration-ms="210" status="PASS">
          <reporter-output>
          </reporter-output>
        </test-method> <!-- itemDetailTest -->
        <test-method is-config="true" signature="masterTearDown()[pri:0, instance:automation.ItemDetailTests@4726927c]" started-at="2024-04-24T15:20:21 PET" name="masterTearDown" finished-at="2024-04-24T15:20:21 PET" duration-ms="220" status="PASS">
          <reporter-output>
          </reporter-output>
        </test-method> <!-- masterTearDown -->
      </class> <!-- automation.ItemDetailTests -->
      <class name="automation.ShoppingTests">
        <test-method is-config="true" signature="masterSetUp()[pri:0, instance:automation.ShoppingTests@28e19366]" started-at="2024-04-24T15:20:34 PET" name="masterSetUp" finished-at="2024-04-24T15:20:36 PET" duration-ms="1415" status="PASS">
          <reporter-output>
          </reporter-output>
        </test-method> <!-- masterSetUp -->
        <test-method is-config="true" signature="setUp()[pri:0, instance:automation.ShoppingTests@28e19366]" started-at="2024-04-24T15:20:36 PET" name="setUp" finished-at="2024-04-24T15:20:38 PET" duration-ms="2732" status="PASS">
          <reporter-output>
          </reporter-output>
        </test-method> <!-- setUp -->
        <test-method signature="verifyPageTest()[pri:0, instance:automation.ShoppingTests@28e19366]" started-at="2024-04-24T15:20:38 PET" name="verifyPageTest" finished-at="2024-04-24T15:20:38 PET" duration-ms="131" status="PASS">
          <reporter-output>
          </reporter-output>
        </test-method> <!-- verifyPageTest -->
        <test-method is-config="true" signature="masterTearDown()[pri:0, instance:automation.ShoppingTests@28e19366]" started-at="2024-04-24T15:20:38 PET" name="masterTearDown" finished-at="2024-04-24T15:20:39 PET" duration-ms="253" status="PASS">
          <reporter-output>
          </reporter-output>
        </test-method> <!-- masterTearDown -->
      </class> <!-- automation.ShoppingTests -->
      <class name="automation.LoginTests">
        <test-method is-config="true" signature="masterSetUp()[pri:0, instance:automation.LoginTests@7eb6b6b6]" started-at="2024-04-24T15:20:21 PET" name="masterSetUp" finished-at="2024-04-24T15:20:22 PET" duration-ms="1407" status="PASS">
          <reporter-output>
          </reporter-output>
        </test-method> <!-- masterSetUp -->
        <test-method is-config="true" signature="setUp()[pri:0, instance:automation.LoginTests@7eb6b6b6]" started-at="2024-04-24T15:20:22 PET" name="setUp" finished-at="2024-04-24T15:20:25 PET" duration-ms="2418" status="PASS">
          <reporter-output>
          </reporter-output>
        </test-method> <!-- setUp -->
        <test-method signature="invalidLoginTest()[pri:0, instance:automation.LoginTests@7eb6b6b6]" started-at="2024-04-24T15:20:25 PET" name="invalidLoginTest" finished-at="2024-04-24T15:20:25 PET" duration-ms="597" status="PASS">
          <reporter-output>
          </reporter-output>
        </test-method> <!-- invalidLoginTest -->
        <test-method is-config="true" signature="masterTearDown()[pri:0, instance:automation.LoginTests@7eb6b6b6]" started-at="2024-04-24T15:20:25 PET" name="masterTearDown" finished-at="2024-04-24T15:20:25 PET" duration-ms="200" status="PASS">
          <reporter-output>
          </reporter-output>
        </test-method> <!-- masterTearDown -->
        <test-method is-config="true" signature="masterSetUp()[pri:0, instance:automation.LoginTests@7eb6b6b6]" started-at="2024-04-24T15:20:25 PET" name="masterSetUp" finished-at="2024-04-24T15:20:27 PET" duration-ms="1364" status="PASS">
          <reporter-output>
          </reporter-output>
        </test-method> <!-- masterSetUp -->
        <test-method is-config="true" signature="setUp()[pri:0, instance:automation.LoginTests@7eb6b6b6]" started-at="2024-04-24T15:20:27 PET" name="setUp" finished-at="2024-04-24T15:20:29 PET" duration-ms="2365" status="PASS">
          <reporter-output>
          </reporter-output>
        </test-method> <!-- setUp -->
        <test-method signature="validLoginTest()[pri:0, instance:automation.LoginTests@7eb6b6b6]" started-at="2024-04-24T15:20:29 PET" name="validLoginTest" finished-at="2024-04-24T15:20:30 PET" duration-ms="469" status="PASS">
          <reporter-output>
          </reporter-output>
        </test-method> <!-- validLoginTest -->
        <test-method is-config="true" signature="masterTearDown()[pri:0, instance:automation.LoginTests@7eb6b6b6]" started-at="2024-04-24T15:20:30 PET" name="masterTearDown" finished-at="2024-04-24T15:20:30 PET" duration-ms="190" status="PASS">
          <reporter-output>
          </reporter-output>
        </test-method> <!-- masterTearDown -->
        <test-method is-config="true" signature="masterSetUp()[pri:0, instance:automation.LoginTests@7eb6b6b6]" started-at="2024-04-24T15:20:30 PET" name="masterSetUp" finished-at="2024-04-24T15:20:31 PET" duration-ms="1401" status="PASS">
          <reporter-output>
          </reporter-output>
        </test-method> <!-- masterSetUp -->
        <test-method is-config="true" signature="setUp()[pri:0, instance:automation.LoginTests@7eb6b6b6]" started-at="2024-04-24T15:20:31 PET" name="setUp" finished-at="2024-04-24T15:20:34 PET" duration-ms="2456" status="PASS">
          <reporter-output>
          </reporter-output>
        </test-method> <!-- setUp -->
        <test-method signature="verifyLoginPageTest()[pri:0, instance:automation.LoginTests@7eb6b6b6]" started-at="2024-04-24T15:20:34 PET" name="verifyLoginPageTest" finished-at="2024-04-24T15:20:34 PET" duration-ms="140" status="PASS">
          <reporter-output>
          </reporter-output>
        </test-method> <!-- verifyLoginPageTest -->
        <test-method is-config="true" signature="masterTearDown()[pri:0, instance:automation.LoginTests@7eb6b6b6]" started-at="2024-04-24T15:20:34 PET" name="masterTearDown" finished-at="2024-04-24T15:20:34 PET" duration-ms="215" status="PASS">
          <reporter-output>
          </reporter-output>
        </test-method> <!-- masterTearDown -->
      </class> <!-- automation.LoginTests -->
      <class name="automation.FooterTests">
        <test-method is-config="true" signature="masterSetUp()[pri:0, instance:automation.FooterTests@76f856a8]" started-at="2024-04-24T15:20:05 PET" name="masterSetUp" finished-at="2024-04-24T15:20:07 PET" duration-ms="1382" status="PASS">
          <reporter-output>
          </reporter-output>
        </test-method> <!-- masterSetUp -->
        <test-method is-config="true" signature="setUp()[pri:0, instance:automation.FooterTests@76f856a8]" started-at="2024-04-24T15:20:07 PET" name="setUp" finished-at="2024-04-24T15:20:11 PET" duration-ms="3844" status="PASS">
          <reporter-output>
          </reporter-output>
        </test-method> <!-- setUp -->
        <test-method signature="socialMediaLinksTest()[pri:0, instance:automation.FooterTests@76f856a8]" started-at="2024-04-24T15:20:11 PET" name="socialMediaLinksTest" finished-at="2024-04-24T15:20:11 PET" duration-ms="228" status="PASS">
          <reporter-output>
          </reporter-output>
        </test-method> <!-- socialMediaLinksTest -->
        <test-method is-config="true" signature="masterTearDown()[pri:0, instance:automation.FooterTests@76f856a8]" started-at="2024-04-24T15:20:11 PET" name="masterTearDown" finished-at="2024-04-24T15:20:11 PET" duration-ms="223" status="PASS">
          <reporter-output>
          </reporter-output>
        </test-method> <!-- masterTearDown -->
      </class> <!-- automation.FooterTests -->
    </test> <!-- Surefire test -->
  </suite> <!-- Surefire suite -->
</testng-results>
